<?xml version="1.0" encoding="UTF-8"?>
<!-- Generated by org.testng.reporters.JUnitReportReporter -->
<testsuite hostname="Alaa" failures="0" tests="1" name="TestCases" time="67.653" errors="0" timestamp="2023-03-20T00:28:06 EET" skipped="0">
  <testcase classname="TestCases" name="fiveTimeReorder" time="67.653"/>
  <system-out/>
</testsuite> <!-- TestCases -->
